2020-12-29T10:52:30+00:00 CRITICAL Uncaught Error: Unknown named parameter $tasks_meta_id in C:\Program Files\xampp\htdocs\wordpress\wp-includes\class-wp-hook.php:287
Stack trace:
#0 C:\Program Files\xampp\htdocs\wordpress\wp-includes\class-wp-hook.php(311): WP_Hook->apply_filters('', Array)
#1 C:\Program Files\xampp\htdocs\wordpress\wp-includes\plugin.php(551): WP_Hook->do_action(Array)
#2 C:\Program Files\xampp\htdocs\wordpress\wp-content\plugins\wp-mail-smtp\vendor\woocommerce\action-scheduler\classes\actions\ActionScheduler_Action.php(22): do_action_ref_array('wp_mail_smtp_ad...', Array)
#3 C:\Program Files\xampp\htdocs\wordpress\wp-content\plugins\wp-mail-smtp\vendor\woocommerce\action-scheduler\classes\abstracts\ActionScheduler_Abstract_QueueRunner.php(65): ActionScheduler_Action->execute()
#4 C:\Program Files\xampp\htdocs\wordpress\wp-content\plugins\wp-mail-smtp\vendor\woocommerce\action-scheduler\classes\ActionScheduler_QueueRunner.php(162): ActionScheduler_Abstract_QueueRunner->process_action(529, 'WP Cron')
#5 C:\Program Files\xampp\htdocs\wordpress\wp-content\plugins\wp-mail-smtp\vendor\woocommerce\action-scheduler\classes\ActionScheduler_QueueRunner.php(132): ActionScheduler_QueueRunner->do_batch(25, 'WP Cron')
#6 C:\Program Files\xampp\htdocs\wordpress\wp-includes\class-wp-hook.php(287): ActionScheduler_QueueRunner->run('WP Cron')
#7 C:\Program Files\xampp\htdocs\wordpress\wp-includes\class-wp-hook.php(311): WP_Hook->apply_filters('', Array)
#8 C:\Program Files\xampp\htdocs\wordpress\wp-includes\plugin.php(551): WP_Hook->do_action(Array)
#9 C:\Program Files\xampp\htdocs\wordpress\wp-cron.php(138): do_action_ref_array('action_schedule...', Array)
#10 {main}
  thrown

2020-12-29T10:53:31+00:00 CRITICAL Uncaught Error: Unknown named parameter $tasks_meta_id in C:\Program Files\xampp\htdocs\wordpress\wp-includes\class-wp-hook.php:287
Stack trace:
#0 C:\Program Files\xampp\htdocs\wordpress\wp-includes\class-wp-hook.php(311): WP_Hook->apply_filters('', Array)
#1 C:\Program Files\xampp\htdocs\wordpress\wp-includes\plugin.php(551): WP_Hook->do_action(Array)
#2 C:\Program Files\xampp\htdocs\wordpress\wp-content\plugins\wp-mail-smtp\vendor\woocommerce\action-scheduler\classes\actions\ActionScheduler_Action.php(22): do_action_ref_array('wp_mail_smtp_ad...', Array)
#3 C:\Program Files\xampp\htdocs\wordpress\wp-content\plugins\wp-mail-smtp\vendor\woocommerce\action-scheduler\classes\abstracts\ActionScheduler_Abstract_QueueRunner.php(65): ActionScheduler_Action->execute()
#4 C:\Program Files\xampp\htdocs\wordpress\wp-content\plugins\wp-mail-smtp\vendor\woocommerce\action-scheduler\classes\ActionScheduler_QueueRunner.php(162): ActionScheduler_Abstract_QueueRunner->process_action(530, 'WP Cron')
#5 C:\Program Files\xampp\htdocs\wordpress\wp-content\plugins\wp-mail-smtp\vendor\woocommerce\action-scheduler\classes\ActionScheduler_QueueRunner.php(132): ActionScheduler_QueueRunner->do_batch(25, 'WP Cron')
#6 C:\Program Files\xampp\htdocs\wordpress\wp-includes\class-wp-hook.php(287): ActionScheduler_QueueRunner->run('WP Cron')
#7 C:\Program Files\xampp\htdocs\wordpress\wp-includes\class-wp-hook.php(311): WP_Hook->apply_filters('', Array)
#8 C:\Program Files\xampp\htdocs\wordpress\wp-includes\plugin.php(551): WP_Hook->do_action(Array)
#9 C:\Program Files\xampp\htdocs\wordpress\wp-cron.php(138): do_action_ref_array('action_schedule...', Array)
#10 {main}
  thrown

2020-12-29T10:56:28+00:00 CRITICAL Uncaught Error: Unknown named parameter $tasks_meta_id in C:\Program Files\xampp\htdocs\wordpress\wp-includes\class-wp-hook.php:287
Stack trace:
#0 C:\Program Files\xampp\htdocs\wordpress\wp-includes\class-wp-hook.php(311): WP_Hook->apply_filters('', Array)
#1 C:\Program Files\xampp\htdocs\wordpress\wp-includes\plugin.php(551): WP_Hook->do_action(Array)
#2 C:\Program Files\xampp\htdocs\wordpress\wp-content\plugins\wp-mail-smtp\vendor\woocommerce\action-scheduler\classes\actions\ActionScheduler_Action.php(22): do_action_ref_array('wp_mail_smtp_ad...', Array)
#3 C:\Program Files\xampp\htdocs\wordpress\wp-content\plugins\wp-mail-smtp\vendor\woocommerce\action-scheduler\classes\abstracts\ActionScheduler_Abstract_QueueRunner.php(65): ActionScheduler_Action->execute()
#4 C:\Program Files\xampp\htdocs\wordpress\wp-content\plugins\wp-mail-smtp\vendor\woocommerce\action-scheduler\classes\ActionScheduler_QueueRunner.php(162): ActionScheduler_Abstract_QueueRunner->process_action(531, 'WP Cron')
#5 C:\Program Files\xampp\htdocs\wordpress\wp-content\plugins\wp-mail-smtp\vendor\woocommerce\action-scheduler\classes\ActionScheduler_QueueRunner.php(132): ActionScheduler_QueueRunner->do_batch(25, 'WP Cron')
#6 C:\Program Files\xampp\htdocs\wordpress\wp-includes\class-wp-hook.php(287): ActionScheduler_QueueRunner->run('WP Cron')
#7 C:\Program Files\xampp\htdocs\wordpress\wp-includes\class-wp-hook.php(311): WP_Hook->apply_filters('', Array)
#8 C:\Program Files\xampp\htdocs\wordpress\wp-includes\plugin.php(551): WP_Hook->do_action(Array)
#9 C:\Program Files\xampp\htdocs\wordpress\wp-cron.php(138): do_action_ref_array('action_schedule...', Array)
#10 {main}
  thrown

2020-12-29T10:57:02+00:00 CRITICAL Uncaught Error: Unknown named parameter $tasks_meta_id in C:\Program Files\xampp\htdocs\wordpress\wp-includes\class-wp-hook.php:287
Stack trace:
#0 C:\Program Files\xampp\htdocs\wordpress\wp-includes\class-wp-hook.php(311): WP_Hook->apply_filters('', Array)
#1 C:\Program Files\xampp\htdocs\wordpress\wp-includes\plugin.php(551): WP_Hook->do_action(Array)
#2 C:\Program Files\xampp\htdocs\wordpress\wp-content\plugins\wp-mail-smtp\vendor\woocommerce\action-scheduler\classes\actions\ActionScheduler_Action.php(22): do_action_ref_array('wp_mail_smtp_ad...', Array)
#3 C:\Program Files\xampp\htdocs\wordpress\wp-content\plugins\wp-mail-smtp\vendor\woocommerce\action-scheduler\classes\abstracts\ActionScheduler_Abstract_QueueRunner.php(65): ActionScheduler_Action->execute()
#4 C:\Program Files\xampp\htdocs\wordpress\wp-content\plugins\wp-mail-smtp\vendor\woocommerce\action-scheduler\classes\ActionScheduler_QueueRunner.php(162): ActionScheduler_Abstract_QueueRunner->process_action(532, 'Async Request')
#5 C:\Program Files\xampp\htdocs\wordpress\wp-content\plugins\wp-mail-smtp\vendor\woocommerce\action-scheduler\classes\ActionScheduler_QueueRunner.php(132): ActionScheduler_QueueRunner->do_batch(25, 'Async Request')
#6 C:\Program Files\xampp\htdocs\wordpress\wp-includes\class-wp-hook.php(287): ActionScheduler_QueueRunner->run('Async Request')
#7 C:\Program Files\xampp\htdocs\wordpress\wp-includes\class-wp-hook.php(311): WP_Hook->apply_filters('', Array)
#8 C:\Program Files\xampp\htdocs\wordpress\wp-includes\plugin.php(484): WP_Hook->do_action(Array)
#9 C:\Program Files\xampp\htdocs\wordpress\wp-content\plugins\wp-mail-smtp\vendor\woocommerce\action-scheduler\classes\ActionScheduler_AsyncRequest_QueueRunner.php(52): do_action('action_schedule...', 'Async Request')
#10 C:\Program Files\xampp\htdocs\wordpress\wp-content\plugins\wp-mail-smtp\vendor\woocommerce\action-scheduler\lib\WP_Async_Request.php(156): ActionScheduler_AsyncRequest_QueueRunner->handle()
#11 C:\Program Files\xampp\htdocs\wordpress\wp-includes\class-wp-hook.php(287): WP_Async_Request->maybe_handle('')
#12 C:\Program Files\xampp\htdocs\wordpress\wp-includes\class-wp-hook.php(311): WP_Hook->apply_filters('', Array)
#13 C:\Program Files\xampp\htdocs\wordpress\wp-includes\plugin.php(484): WP_Hook->do_action(Array)
#14 C:\Program Files\xampp\htdocs\wordpress\wp-admin\admin-ajax.php(184): do_action('wp_ajax_as_asyn...')
#15 {main}
  thrown

2020-12-29T10:57:28+00:00 CRITICAL Uncaught Error: Unknown named parameter $tasks_meta_id in C:\Program Files\xampp\htdocs\wordpress\wp-includes\class-wp-hook.php:287
Stack trace:
#0 C:\Program Files\xampp\htdocs\wordpress\wp-includes\class-wp-hook.php(311): WP_Hook->apply_filters('', Array)
#1 C:\Program Files\xampp\htdocs\wordpress\wp-includes\plugin.php(551): WP_Hook->do_action(Array)
#2 C:\Program Files\xampp\htdocs\wordpress\wp-content\plugins\wp-mail-smtp\vendor\woocommerce\action-scheduler\classes\actions\ActionScheduler_Action.php(22): do_action_ref_array('wp_mail_smtp_ad...', Array)
#3 C:\Program Files\xampp\htdocs\wordpress\wp-content\plugins\wp-mail-smtp\vendor\woocommerce\action-scheduler\classes\abstracts\ActionScheduler_Abstract_QueueRunner.php(65): ActionScheduler_Action->execute()
#4 C:\Program Files\xampp\htdocs\wordpress\wp-content\plugins\wp-mail-smtp\vendor\woocommerce\action-scheduler\classes\ActionScheduler_QueueRunner.php(162): ActionScheduler_Abstract_QueueRunner->process_action(533, 'WP Cron')
#5 C:\Program Files\xampp\htdocs\wordpress\wp-content\plugins\wp-mail-smtp\vendor\woocommerce\action-scheduler\classes\ActionScheduler_QueueRunner.php(132): ActionScheduler_QueueRunner->do_batch(25, 'WP Cron')
#6 C:\Program Files\xampp\htdocs\wordpress\wp-includes\class-wp-hook.php(287): ActionScheduler_QueueRunner->run('WP Cron')
#7 C:\Program Files\xampp\htdocs\wordpress\wp-includes\class-wp-hook.php(311): WP_Hook->apply_filters('', Array)
#8 C:\Program Files\xampp\htdocs\wordpress\wp-includes\plugin.php(551): WP_Hook->do_action(Array)
#9 C:\Program Files\xampp\htdocs\wordpress\wp-cron.php(138): do_action_ref_array('action_schedule...', Array)
#10 {main}
  thrown

2020-12-29T10:58:20+00:00 CRITICAL Uncaught Error: Unknown named parameter $tasks_meta_id in C:\Program Files\xampp\htdocs\wordpress\wp-includes\class-wp-hook.php:287
Stack trace:
#0 C:\Program Files\xampp\htdocs\wordpress\wp-includes\class-wp-hook.php(311): WP_Hook->apply_filters('', Array)
#1 C:\Program Files\xampp\htdocs\wordpress\wp-includes\plugin.php(551): WP_Hook->do_action(Array)
#2 C:\Program Files\xampp\htdocs\wordpress\wp-content\plugins\wp-mail-smtp\vendor\woocommerce\action-scheduler\classes\actions\ActionScheduler_Action.php(22): do_action_ref_array('wp_mail_smtp_ad...', Array)
#3 C:\Program Files\xampp\htdocs\wordpress\wp-content\plugins\wp-mail-smtp\vendor\woocommerce\action-scheduler\classes\abstracts\ActionScheduler_Abstract_QueueRunner.php(65): ActionScheduler_Action->execute()
#4 C:\Program Files\xampp\htdocs\wordpress\wp-content\plugins\wp-mail-smtp\vendor\woocommerce\action-scheduler\classes\ActionScheduler_QueueRunner.php(162): ActionScheduler_Abstract_QueueRunner->process_action(534, 'Async Request')
#5 C:\Program Files\xampp\htdocs\wordpress\wp-content\plugins\wp-mail-smtp\vendor\woocommerce\action-scheduler\classes\ActionScheduler_QueueRunner.php(132): ActionScheduler_QueueRunner->do_batch(25, 'Async Request')
#6 C:\Program Files\xampp\htdocs\wordpress\wp-includes\class-wp-hook.php(287): ActionScheduler_QueueRunner->run('Async Request')
#7 C:\Program Files\xampp\htdocs\wordpress\wp-includes\class-wp-hook.php(311): WP_Hook->apply_filters('', Array)
#8 C:\Program Files\xampp\htdocs\wordpress\wp-includes\plugin.php(484): WP_Hook->do_action(Array)
#9 C:\Program Files\xampp\htdocs\wordpress\wp-content\plugins\wp-mail-smtp\vendor\woocommerce\action-scheduler\classes\ActionScheduler_AsyncRequest_QueueRunner.php(52): do_action('action_schedule...', 'Async Request')
#10 C:\Program Files\xampp\htdocs\wordpress\wp-content\plugins\wp-mail-smtp\vendor\woocommerce\action-scheduler\lib\WP_Async_Request.php(156): ActionScheduler_AsyncRequest_QueueRunner->handle()
#11 C:\Program Files\xampp\htdocs\wordpress\wp-includes\class-wp-hook.php(287): WP_Async_Request->maybe_handle('')
#12 C:\Program Files\xampp\htdocs\wordpress\wp-includes\class-wp-hook.php(311): WP_Hook->apply_filters('', Array)
#13 C:\Program Files\xampp\htdocs\wordpress\wp-includes\plugin.php(484): WP_Hook->do_action(Array)
#14 C:\Program Files\xampp\htdocs\wordpress\wp-admin\admin-ajax.php(184): do_action('wp_ajax_as_asyn...')
#15 {main}
  thrown

2020-12-29T10:58:29+00:00 CRITICAL Uncaught Error: Unknown named parameter $tasks_meta_id in C:\Program Files\xampp\htdocs\wordpress\wp-includes\class-wp-hook.php:287
Stack trace:
#0 C:\Program Files\xampp\htdocs\wordpress\wp-includes\class-wp-hook.php(311): WP_Hook->apply_filters('', Array)
#1 C:\Program Files\xampp\htdocs\wordpress\wp-includes\plugin.php(551): WP_Hook->do_action(Array)
#2 C:\Program Files\xampp\htdocs\wordpress\wp-content\plugins\wp-mail-smtp\vendor\woocommerce\action-scheduler\classes\actions\ActionScheduler_Action.php(22): do_action_ref_array('wp_mail_smtp_ad...', Array)
#3 C:\Program Files\xampp\htdocs\wordpress\wp-content\plugins\wp-mail-smtp\vendor\woocommerce\action-scheduler\classes\abstracts\ActionScheduler_Abstract_QueueRunner.php(65): ActionScheduler_Action->execute()
#4 C:\Program Files\xampp\htdocs\wordpress\wp-content\plugins\wp-mail-smtp\vendor\woocommerce\action-scheduler\classes\ActionScheduler_QueueRunner.php(162): ActionScheduler_Abstract_QueueRunner->process_action(535, 'WP Cron')
#5 C:\Program Files\xampp\htdocs\wordpress\wp-content\plugins\wp-mail-smtp\vendor\woocommerce\action-scheduler\classes\ActionScheduler_QueueRunner.php(132): ActionScheduler_QueueRunner->do_batch(25, 'WP Cron')
#6 C:\Program Files\xampp\htdocs\wordpress\wp-includes\class-wp-hook.php(287): ActionScheduler_QueueRunner->run('WP Cron')
#7 C:\Program Files\xampp\htdocs\wordpress\wp-includes\class-wp-hook.php(311): WP_Hook->apply_filters('', Array)
#8 C:\Program Files\xampp\htdocs\wordpress\wp-includes\plugin.php(551): WP_Hook->do_action(Array)
#9 C:\Program Files\xampp\htdocs\wordpress\wp-cron.php(138): do_action_ref_array('action_schedule...', Array)
#10 {main}
  thrown

2020-12-29T10:59:28+00:00 CRITICAL Uncaught Error: Unknown named parameter $tasks_meta_id in C:\Program Files\xampp\htdocs\wordpress\wp-includes\class-wp-hook.php:287
Stack trace:
#0 C:\Program Files\xampp\htdocs\wordpress\wp-includes\class-wp-hook.php(311): WP_Hook->apply_filters('', Array)
#1 C:\Program Files\xampp\htdocs\wordpress\wp-includes\plugin.php(551): WP_Hook->do_action(Array)
#2 C:\Program Files\xampp\htdocs\wordpress\wp-content\plugins\wp-mail-smtp\vendor\woocommerce\action-scheduler\classes\actions\ActionScheduler_Action.php(22): do_action_ref_array('wp_mail_smtp_ad...', Array)
#3 C:\Program Files\xampp\htdocs\wordpress\wp-content\plugins\wp-mail-smtp\vendor\woocommerce\action-scheduler\classes\abstracts\ActionScheduler_Abstract_QueueRunner.php(65): ActionScheduler_Action->execute()
#4 C:\Program Files\xampp\htdocs\wordpress\wp-content\plugins\wp-mail-smtp\vendor\woocommerce\action-scheduler\classes\ActionScheduler_QueueRunner.php(162): ActionScheduler_Abstract_QueueRunner->process_action(536, 'Async Request')
#5 C:\Program Files\xampp\htdocs\wordpress\wp-content\plugins\wp-mail-smtp\vendor\woocommerce\action-scheduler\classes\ActionScheduler_QueueRunner.php(132): ActionScheduler_QueueRunner->do_batch(25, 'Async Request')
#6 C:\Program Files\xampp\htdocs\wordpress\wp-includes\class-wp-hook.php(287): ActionScheduler_QueueRunner->run('Async Request')
#7 C:\Program Files\xampp\htdocs\wordpress\wp-includes\class-wp-hook.php(311): WP_Hook->apply_filters('', Array)
#8 C:\Program Files\xampp\htdocs\wordpress\wp-includes\plugin.php(484): WP_Hook->do_action(Array)
#9 C:\Program Files\xampp\htdocs\wordpress\wp-content\plugins\wp-mail-smtp\vendor\woocommerce\action-scheduler\classes\ActionScheduler_AsyncRequest_QueueRunner.php(52): do_action('action_schedule...', 'Async Request')
#10 C:\Program Files\xampp\htdocs\wordpress\wp-content\plugins\wp-mail-smtp\vendor\woocommerce\action-scheduler\lib\WP_Async_Request.php(156): ActionScheduler_AsyncRequest_QueueRunner->handle()
#11 C:\Program Files\xampp\htdocs\wordpress\wp-includes\class-wp-hook.php(287): WP_Async_Request->maybe_handle('')
#12 C:\Program Files\xampp\htdocs\wordpress\wp-includes\class-wp-hook.php(311): WP_Hook->apply_filters('', Array)
#13 C:\Program Files\xampp\htdocs\wordpress\wp-includes\plugin.php(484): WP_Hook->do_action(Array)
#14 C:\Program Files\xampp\htdocs\wordpress\wp-admin\admin-ajax.php(184): do_action('wp_ajax_as_asyn...')
#15 {main}
  thrown

2020-12-29T11:01:20+00:00 CRITICAL Uncaught Error: Unknown named parameter $tasks_meta_id in C:\Program Files\xampp\htdocs\wordpress\wp-includes\class-wp-hook.php:287
Stack trace:
#0 C:\Program Files\xampp\htdocs\wordpress\wp-includes\class-wp-hook.php(311): WP_Hook->apply_filters('', Array)
#1 C:\Program Files\xampp\htdocs\wordpress\wp-includes\plugin.php(551): WP_Hook->do_action(Array)
#2 C:\Program Files\xampp\htdocs\wordpress\wp-content\plugins\wp-mail-smtp\vendor\woocommerce\action-scheduler\classes\actions\ActionScheduler_Action.php(22): do_action_ref_array('wp_mail_smtp_ad...', Array)
#3 C:\Program Files\xampp\htdocs\wordpress\wp-content\plugins\wp-mail-smtp\vendor\woocommerce\action-scheduler\classes\abstracts\ActionScheduler_Abstract_QueueRunner.php(65): ActionScheduler_Action->execute()
#4 C:\Program Files\xampp\htdocs\wordpress\wp-content\plugins\wp-mail-smtp\vendor\woocommerce\action-scheduler\classes\ActionScheduler_QueueRunner.php(162): ActionScheduler_Abstract_QueueRunner->process_action(537, 'WP Cron')
#5 C:\Program Files\xampp\htdocs\wordpress\wp-content\plugins\wp-mail-smtp\vendor\woocommerce\action-scheduler\classes\ActionScheduler_QueueRunner.php(132): ActionScheduler_QueueRunner->do_batch(25, 'WP Cron')
#6 C:\Program Files\xampp\htdocs\wordpress\wp-includes\class-wp-hook.php(287): ActionScheduler_QueueRunner->run('WP Cron')
#7 C:\Program Files\xampp\htdocs\wordpress\wp-includes\class-wp-hook.php(311): WP_Hook->apply_filters('', Array)
#8 C:\Program Files\xampp\htdocs\wordpress\wp-includes\plugin.php(551): WP_Hook->do_action(Array)
#9 C:\Program Files\xampp\htdocs\wordpress\wp-cron.php(138): do_action_ref_array('action_schedule...', Array)
#10 {main}
  thrown

2020-12-29T11:04:22+00:00 CRITICAL Uncaught Error: Unknown named parameter $tasks_meta_id in C:\Program Files\xampp\htdocs\wordpress\wp-includes\class-wp-hook.php:287
Stack trace:
#0 C:\Program Files\xampp\htdocs\wordpress\wp-includes\class-wp-hook.php(311): WP_Hook->apply_filters('', Array)
#1 C:\Program Files\xampp\htdocs\wordpress\wp-includes\plugin.php(551): WP_Hook->do_action(Array)
#2 C:\Program Files\xampp\htdocs\wordpress\wp-content\plugins\wp-mail-smtp\vendor\woocommerce\action-scheduler\classes\actions\ActionScheduler_Action.php(22): do_action_ref_array('wp_mail_smtp_ad...', Array)
#3 C:\Program Files\xampp\htdocs\wordpress\wp-content\plugins\wp-mail-smtp\vendor\woocommerce\action-scheduler\classes\abstracts\ActionScheduler_Abstract_QueueRunner.php(65): ActionScheduler_Action->execute()
#4 C:\Program Files\xampp\htdocs\wordpress\wp-content\plugins\wp-mail-smtp\vendor\woocommerce\action-scheduler\classes\ActionScheduler_QueueRunner.php(162): ActionScheduler_Abstract_QueueRunner->process_action(538, 'Async Request')
#5 C:\Program Files\xampp\htdocs\wordpress\wp-content\plugins\wp-mail-smtp\vendor\woocommerce\action-scheduler\classes\ActionScheduler_QueueRunner.php(132): ActionScheduler_QueueRunner->do_batch(25, 'Async Request')
#6 C:\Program Files\xampp\htdocs\wordpress\wp-includes\class-wp-hook.php(287): ActionScheduler_QueueRunner->run('Async Request')
#7 C:\Program Files\xampp\htdocs\wordpress\wp-includes\class-wp-hook.php(311): WP_Hook->apply_filters('', Array)
#8 C:\Program Files\xampp\htdocs\wordpress\wp-includes\plugin.php(484): WP_Hook->do_action(Array)
#9 C:\Program Files\xampp\htdocs\wordpress\wp-content\plugins\wp-mail-smtp\vendor\woocommerce\action-scheduler\classes\ActionScheduler_AsyncRequest_QueueRunner.php(52): do_action('action_schedule...', 'Async Request')
#10 C:\Program Files\xampp\htdocs\wordpress\wp-content\plugins\wp-mail-smtp\vendor\woocommerce\action-scheduler\lib\WP_Async_Request.php(156): ActionScheduler_AsyncRequest_QueueRunner->handle()
#11 C:\Program Files\xampp\htdocs\wordpress\wp-includes\class-wp-hook.php(287): WP_Async_Request->maybe_handle('')
#12 C:\Program Files\xampp\htdocs\wordpress\wp-includes\class-wp-hook.php(311): WP_Hook->apply_filters('', Array)
#13 C:\Program Files\xampp\htdocs\wordpress\wp-includes\plugin.php(484): WP_Hook->do_action(Array)
#14 C:\Program Files\xampp\htdocs\wordpress\wp-admin\admin-ajax.php(184): do_action('wp_ajax_as_asyn...')
#15 {main}
  thrown

2020-12-29T11:04:31+00:00 CRITICAL Uncaught Error: Unknown named parameter $tasks_meta_id in C:\Program Files\xampp\htdocs\wordpress\wp-includes\class-wp-hook.php:287
Stack trace:
#0 C:\Program Files\xampp\htdocs\wordpress\wp-includes\class-wp-hook.php(311): WP_Hook->apply_filters('', Array)
#1 C:\Program Files\xampp\htdocs\wordpress\wp-includes\plugin.php(551): WP_Hook->do_action(Array)
#2 C:\Program Files\xampp\htdocs\wordpress\wp-content\plugins\wp-mail-smtp\vendor\woocommerce\action-scheduler\classes\actions\ActionScheduler_Action.php(22): do_action_ref_array('wp_mail_smtp_ad...', Array)
#3 C:\Program Files\xampp\htdocs\wordpress\wp-content\plugins\wp-mail-smtp\vendor\woocommerce\action-scheduler\classes\abstracts\ActionScheduler_Abstract_QueueRunner.php(65): ActionScheduler_Action->execute()
#4 C:\Program Files\xampp\htdocs\wordpress\wp-content\plugins\wp-mail-smtp\vendor\woocommerce\action-scheduler\classes\ActionScheduler_QueueRunner.php(162): ActionScheduler_Abstract_QueueRunner->process_action(539, 'WP Cron')
#5 C:\Program Files\xampp\htdocs\wordpress\wp-content\plugins\wp-mail-smtp\vendor\woocommerce\action-scheduler\classes\ActionScheduler_QueueRunner.php(132): ActionScheduler_QueueRunner->do_batch(25, 'WP Cron')
#6 C:\Program Files\xampp\htdocs\wordpress\wp-includes\class-wp-hook.php(287): ActionScheduler_QueueRunner->run('WP Cron')
#7 C:\Program Files\xampp\htdocs\wordpress\wp-includes\class-wp-hook.php(311): WP_Hook->apply_filters('', Array)
#8 C:\Program Files\xampp\htdocs\wordpress\wp-includes\plugin.php(551): WP_Hook->do_action(Array)
#9 C:\Program Files\xampp\htdocs\wordpress\wp-cron.php(138): do_action_ref_array('action_schedule...', Array)
#10 {main}
  thrown

